<?xml version="1.0" encoding="UTF-8" ?>
<testsuite failures="0" time="0.35" errors="0" skipped="0" tests="6" name="basketball.stats.processor.TimeChunkProcessorTest">
  <properties>
    <property name="java.runtime.name" value="Java(TM) SE Runtime Environment"/>
    <property name="sun.boot.library.path" value="C:\Program Files\Java\jdk1.7.0_04\jre\bin"/>
    <property name="java.vm.version" value="23.0-b21"/>
    <property name="java.vm.vendor" value="Oracle Corporation"/>
    <property name="java.vendor.url" value="http://java.oracle.com/"/>
    <property name="path.separator" value=";"/>
    <property name="java.vm.name" value="Java HotSpot(TM) 64-Bit Server VM"/>
    <property name="file.encoding.pkg" value="sun.io"/>
    <property name="user.script" value=""/>
    <property name="user.country" value="US"/>
    <property name="sun.java.launcher" value="SUN_STANDARD"/>
    <property name="sun.os.patch.level" value="Service Pack 1"/>
    <property name="java.vm.specification.name" value="Java Virtual Machine Specification"/>
    <property name="user.dir" value="C:\Workspace\basketball-stats-parent\basketball-stats-processing"/>
    <property name="java.runtime.version" value="1.7.0_04-b22"/>
    <property name="java.awt.graphicsenv" value="sun.awt.Win32GraphicsEnvironment"/>
    <property name="basedir" value="C:\Workspace\basketball-stats-parent\basketball-stats-processing"/>
    <property name="java.endorsed.dirs" value="C:\Program Files\Java\jdk1.7.0_04\jre\lib\endorsed"/>
    <property name="os.arch" value="amd64"/>
    <property name="surefire.real.class.path" value="C:\Workspace\basketball-stats-parent\basketball-stats-processing\target\surefire\surefirebooter9136493052491368839.jar;C:\Users\ANONYM~1\AppData\Local\Temp\jacocoagent1459844877752975655.jar"/>
    <property name="java.io.tmpdir" value="C:\Users\ANONYM~1\AppData\Local\Temp\"/>
    <property name="line.separator" value="
"/>
    <property name="java.vm.specification.vendor" value="Oracle Corporation"/>
    <property name="user.variant" value=""/>
    <property name="os.name" value="Windows 7"/>
    <property name="sun.jnu.encoding" value="Cp1252"/>
    <property name="java.library.path" value="C:\Program Files\Java\jdk1.7.0_04\jre\bin;C:\Windows\Sun\Java\bin;C:\Windows\system32;C:\Windows;C:\Program Files\Common Files\Microsoft Shared\Windows Live;C:\Program Files (x86)\Common Files\Microsoft Shared\Windows Live;C:\oraclexe\app\oracle\product\10.2.0\server\bin;C:\Program Files (x86)\NVIDIA Corporation\PhysX\Common;C:\Windows\system32;C:\Windows;C:\Windows\System32\Wbem;C:\Windows\System32\WindowsPowerShell\v1.0\;C:\Subversion\bin;C:\apache-maven-3.0.3\bin;C:\Program Files\Java\jdk1.7.0_04\bin;C:\Program Files (x86)\Windows Live\Shared;C:\Program Files (x86)\MKVToolNix;C:\Program Files (x86)\Smart Projects\IsoBuster;C:\Program Files (x86)\OpenVPN\bin;."/>
    <property name="surefire.test.class.path" value="C:\Workspace\basketball-stats-parent\basketball-stats-processing\target\test-classes;C:\Workspace\basketball-stats-parent\basketball-stats-processing\target\classes;C:\Workspace\basketball-stats-parent\basketball-stats-models\target\basketball-stats-models-0.0.2-SNAPSHOT.jar;C:\Workspace\basketball-stats-parent\basketball-stats-utils\target\basketball-stats-utils-0.0.2-SNAPSHOT.jar;C:\Repository\org\springframework\spring-core\3.1.2.RELEASE\spring-core-3.1.2.RELEASE.jar;C:\Repository\org\springframework\spring-asm\3.1.2.RELEASE\spring-asm-3.1.2.RELEASE.jar;C:\Repository\commons-logging\commons-logging\1.1.1\commons-logging-1.1.1.jar;C:\Repository\junit\junit\4.9\junit-4.9.jar;C:\Repository\org\hamcrest\hamcrest-core\1.1\hamcrest-core-1.1.jar;"/>
    <property name="java.specification.name" value="Java Platform API Specification"/>
    <property name="java.class.version" value="51.0"/>
    <property name="sun.management.compiler" value="HotSpot 64-Bit Tiered Compilers"/>
    <property name="os.version" value="6.1"/>
    <property name="user.home" value="C:\Users\Anonymous"/>
    <property name="user.timezone" value=""/>
    <property name="java.awt.printerjob" value="sun.awt.windows.WPrinterJob"/>
    <property name="java.specification.version" value="1.7"/>
    <property name="file.encoding" value="Cp1252"/>
    <property name="user.name" value="Anonymous"/>
    <property name="java.class.path" value="C:\Workspace\basketball-stats-parent\basketball-stats-processing\target\test-classes;C:\Workspace\basketball-stats-parent\basketball-stats-processing\target\classes;C:\Workspace\basketball-stats-parent\basketball-stats-models\target\basketball-stats-models-0.0.2-SNAPSHOT.jar;C:\Workspace\basketball-stats-parent\basketball-stats-utils\target\basketball-stats-utils-0.0.2-SNAPSHOT.jar;C:\Repository\org\springframework\spring-core\3.1.2.RELEASE\spring-core-3.1.2.RELEASE.jar;C:\Repository\org\springframework\spring-asm\3.1.2.RELEASE\spring-asm-3.1.2.RELEASE.jar;C:\Repository\commons-logging\commons-logging\1.1.1\commons-logging-1.1.1.jar;C:\Repository\junit\junit\4.9\junit-4.9.jar;C:\Repository\org\hamcrest\hamcrest-core\1.1\hamcrest-core-1.1.jar;"/>
    <property name="java.vm.specification.version" value="1.7"/>
    <property name="sun.arch.data.model" value="64"/>
    <property name="java.home" value="C:\Program Files\Java\jdk1.7.0_04\jre"/>
    <property name="sun.java.command" value="C:\Workspace\basketball-stats-parent\basketball-stats-processing\target\surefire\surefirebooter9136493052491368839.jar C:\Workspace\basketball-stats-parent\basketball-stats-processing\target\surefire\surefire3946970421060479013tmp C:\Workspace\basketball-stats-parent\basketball-stats-processing\target\surefire\surefire234771904452046821tmp"/>
    <property name="java.specification.vendor" value="Oracle Corporation"/>
    <property name="user.language" value="en"/>
    <property name="awt.toolkit" value="sun.awt.windows.WToolkit"/>
    <property name="java.vm.info" value="mixed mode"/>
    <property name="java.version" value="1.7.0_04"/>
    <property name="java.ext.dirs" value="C:\Program Files\Java\jdk1.7.0_04\jre\lib\ext;C:\Windows\Sun\Java\lib\ext"/>
    <property name="sun.boot.class.path" value="C:\Program Files\Java\jdk1.7.0_04\jre\lib\resources.jar;C:\Program Files\Java\jdk1.7.0_04\jre\lib\rt.jar;C:\Program Files\Java\jdk1.7.0_04\jre\lib\sunrsasign.jar;C:\Program Files\Java\jdk1.7.0_04\jre\lib\jsse.jar;C:\Program Files\Java\jdk1.7.0_04\jre\lib\jce.jar;C:\Program Files\Java\jdk1.7.0_04\jre\lib\charsets.jar;C:\Program Files\Java\jdk1.7.0_04\jre\lib\jfr.jar;C:\Program Files\Java\jdk1.7.0_04\jre\classes"/>
    <property name="java.vendor" value="Oracle Corporation"/>
    <property name="localRepository" value="C:\Repository"/>
    <property name="file.separator" value="\"/>
    <property name="java.vendor.url.bug" value="http://bugreport.sun.com/bugreport/"/>
    <property name="sun.cpu.endian" value="little"/>
    <property name="sun.io.unicode.encoding" value="UnicodeLittle"/>
    <property name="sun.desktop" value="windows"/>
    <property name="sun.cpu.isalist" value="amd64"/>
  </properties>
  <testcase time="0.057" classname="basketball.stats.processor.TimeChunkProcessorTest" name="processTimeDivisions_FullGame"/>
  <testcase time="0.05" classname="basketball.stats.processor.TimeChunkProcessorTest" name="processTimeDivisions_PerQuarter"/>
  <testcase time="0.079" classname="basketball.stats.processor.TimeChunkProcessorTest" name="gameGroupings_ByQuarterAcrossGames"/>
  <testcase time="0.1" classname="basketball.stats.processor.TimeChunkProcessorTest" name="gameGroupings_ByQuarterPerGame"/>
  <testcase time="0.034" classname="basketball.stats.processor.TimeChunkProcessorTest" name="gameGroupings_FullGamePerGame"/>
  <testcase time="0.028" classname="basketball.stats.processor.TimeChunkProcessorTest" name="gameGroupings_FullGameAcrossGames"/>
</testsuite>