<?xml version="1.0" encoding="UTF-8" ?>
<testsuite failures="0" time="0.098" errors="0" skipped="0" tests="84" name="basketball.stats.application.BasketballTimeTest">
  <properties>
    <property name="java.runtime.name" value="Java(TM) SE Runtime Environment"/>
    <property name="sun.boot.library.path" value="C:\Program Files\Java\jdk1.7.0_04\jre\bin"/>
    <property name="java.vm.version" value="23.0-b21"/>
    <property name="java.vm.vendor" value="Oracle Corporation"/>
    <property name="java.vendor.url" value="http://java.oracle.com/"/>
    <property name="path.separator" value=";"/>
    <property name="java.vm.name" value="Java HotSpot(TM) 64-Bit Server VM"/>
    <property name="file.encoding.pkg" value="sun.io"/>
    <property name="user.script" value=""/>
    <property name="user.country" value="US"/>
    <property name="sun.java.launcher" value="SUN_STANDARD"/>
    <property name="sun.os.patch.level" value="Service Pack 1"/>
    <property name="java.vm.specification.name" value="Java Virtual Machine Specification"/>
    <property name="user.dir" value="C:\Workspace\basketball-stats-parent\basketball-stats-log-application"/>
    <property name="java.runtime.version" value="1.7.0_04-b22"/>
    <property name="java.awt.graphicsenv" value="sun.awt.Win32GraphicsEnvironment"/>
    <property name="basedir" value="C:\Workspace\basketball-stats-parent\basketball-stats-log-application"/>
    <property name="java.endorsed.dirs" value="C:\Program Files\Java\jdk1.7.0_04\jre\lib\endorsed"/>
    <property name="os.arch" value="amd64"/>
    <property name="surefire.real.class.path" value="C:\Workspace\basketball-stats-parent\basketball-stats-log-application\target\surefire\surefirebooter7775913440766932247.jar;C:\Users\ANONYM~1\AppData\Local\Temp\jacocoagent1459844877752975655.jar"/>
    <property name="java.io.tmpdir" value="C:\Users\ANONYM~1\AppData\Local\Temp\"/>
    <property name="line.separator" value="
"/>
    <property name="java.vm.specification.vendor" value="Oracle Corporation"/>
    <property name="user.variant" value=""/>
    <property name="os.name" value="Windows 7"/>
    <property name="sun.jnu.encoding" value="Cp1252"/>
    <property name="java.library.path" value="C:\Program Files\Java\jdk1.7.0_04\jre\bin;C:\Windows\Sun\Java\bin;C:\Windows\system32;C:\Windows;C:\Program Files\Common Files\Microsoft Shared\Windows Live;C:\Program Files (x86)\Common Files\Microsoft Shared\Windows Live;C:\oraclexe\app\oracle\product\10.2.0\server\bin;C:\Program Files (x86)\NVIDIA Corporation\PhysX\Common;C:\Windows\system32;C:\Windows;C:\Windows\System32\Wbem;C:\Windows\System32\WindowsPowerShell\v1.0\;C:\Subversion\bin;C:\apache-maven-3.0.3\bin;C:\Program Files\Java\jdk1.7.0_04\bin;C:\Program Files (x86)\Windows Live\Shared;C:\Program Files (x86)\MKVToolNix;C:\Program Files (x86)\Smart Projects\IsoBuster;C:\Program Files (x86)\OpenVPN\bin;."/>
    <property name="surefire.test.class.path" value="C:\Workspace\basketball-stats-parent\basketball-stats-log-application\target\test-classes;C:\Workspace\basketball-stats-parent\basketball-stats-log-application\target\classes;C:\Workspace\basketball-stats-parent\basketball-stats-models\target\basketball-stats-models-0.0.2-SNAPSHOT.jar;C:\Workspace\basketball-stats-parent\basketball-stats-utils\target\basketball-stats-utils-0.0.2-SNAPSHOT.jar;C:\Repository\junit\junit\4.9\junit-4.9.jar;C:\Repository\org\hamcrest\hamcrest-core\1.1\hamcrest-core-1.1.jar;"/>
    <property name="java.specification.name" value="Java Platform API Specification"/>
    <property name="java.class.version" value="51.0"/>
    <property name="sun.management.compiler" value="HotSpot 64-Bit Tiered Compilers"/>
    <property name="os.version" value="6.1"/>
    <property name="user.home" value="C:\Users\Anonymous"/>
    <property name="user.timezone" value=""/>
    <property name="java.awt.printerjob" value="sun.awt.windows.WPrinterJob"/>
    <property name="java.specification.version" value="1.7"/>
    <property name="file.encoding" value="Cp1252"/>
    <property name="user.name" value="Anonymous"/>
    <property name="java.class.path" value="C:\Workspace\basketball-stats-parent\basketball-stats-log-application\target\test-classes;C:\Workspace\basketball-stats-parent\basketball-stats-log-application\target\classes;C:\Workspace\basketball-stats-parent\basketball-stats-models\target\basketball-stats-models-0.0.2-SNAPSHOT.jar;C:\Workspace\basketball-stats-parent\basketball-stats-utils\target\basketball-stats-utils-0.0.2-SNAPSHOT.jar;C:\Repository\junit\junit\4.9\junit-4.9.jar;C:\Repository\org\hamcrest\hamcrest-core\1.1\hamcrest-core-1.1.jar;"/>
    <property name="java.vm.specification.version" value="1.7"/>
    <property name="sun.arch.data.model" value="64"/>
    <property name="java.home" value="C:\Program Files\Java\jdk1.7.0_04\jre"/>
    <property name="sun.java.command" value="C:\Workspace\basketball-stats-parent\basketball-stats-log-application\target\surefire\surefirebooter7775913440766932247.jar C:\Workspace\basketball-stats-parent\basketball-stats-log-application\target\surefire\surefire8703722359134801029tmp C:\Workspace\basketball-stats-parent\basketball-stats-log-application\target\surefire\surefire5245683625190108706tmp"/>
    <property name="java.specification.vendor" value="Oracle Corporation"/>
    <property name="user.language" value="en"/>
    <property name="awt.toolkit" value="sun.awt.windows.WToolkit"/>
    <property name="java.vm.info" value="mixed mode"/>
    <property name="java.version" value="1.7.0_04"/>
    <property name="java.ext.dirs" value="C:\Program Files\Java\jdk1.7.0_04\jre\lib\ext;C:\Windows\Sun\Java\lib\ext"/>
    <property name="sun.boot.class.path" value="C:\Program Files\Java\jdk1.7.0_04\jre\lib\resources.jar;C:\Program Files\Java\jdk1.7.0_04\jre\lib\rt.jar;C:\Program Files\Java\jdk1.7.0_04\jre\lib\sunrsasign.jar;C:\Program Files\Java\jdk1.7.0_04\jre\lib\jsse.jar;C:\Program Files\Java\jdk1.7.0_04\jre\lib\jce.jar;C:\Program Files\Java\jdk1.7.0_04\jre\lib\charsets.jar;C:\Program Files\Java\jdk1.7.0_04\jre\lib\jfr.jar;C:\Program Files\Java\jdk1.7.0_04\jre\classes"/>
    <property name="java.vendor" value="Oracle Corporation"/>
    <property name="localRepository" value="C:\Repository"/>
    <property name="file.separator" value="\"/>
    <property name="java.vendor.url.bug" value="http://bugreport.sun.com/bugreport/"/>
    <property name="sun.cpu.endian" value="little"/>
    <property name="sun.io.unicode.encoding" value="UnicodeLittle"/>
    <property name="sun.desktop" value="windows"/>
    <property name="sun.cpu.isalist" value="amd64"/>
  </properties>
  <testcase time="0.002" classname="basketball.stats.application.BasketballTimeTest" name="setTime_FirstSecondIntoFourth"/>
  <testcase time="0" classname="basketball.stats.application.BasketballTimeTest" name="setTime_FirstSecondIntoSecond"/>
  <testcase time="0" classname="basketball.stats.application.BasketballTimeTest" name="setTime_FirstSecondIntoOvertime"/>
  <testcase time="0" classname="basketball.stats.application.BasketballTimeTest" name="setTime_FirstSecondIntoDoubleOvertime"/>
  <testcase time="0" classname="basketball.stats.application.BasketballTimeTest" name="setTime_FirstMinuteIntoSecond"/>
  <testcase time="0" classname="basketball.stats.application.BasketballTimeTest" name="setTime_FirstMinuteIntoFourth"/>
  <testcase time="0" classname="basketball.stats.application.BasketballTimeTest" name="setTime_FirstMinuteIntoOvertime"/>
  <testcase time="0" classname="basketball.stats.application.BasketballTimeTest" name="setTime_FirstMinuteIntoDoubleOvertime"/>
  <testcase time="0" classname="basketball.stats.application.BasketballTimeTest" name="setTime_FirstMinuteFirstSecondIntoFirst"/>
  <testcase time="0" classname="basketball.stats.application.BasketballTimeTest" name="setTime_FirstMinuteFirstSecondIntoSecond"/>
  <testcase time="0" classname="basketball.stats.application.BasketballTimeTest" name="setTime_FirstMinuteFirstSecondIntoThird"/>
  <testcase time="0" classname="basketball.stats.application.BasketballTimeTest" name="setTime_FirstMinuteFirstSecondIntoFourth"/>
  <testcase time="0" classname="basketball.stats.application.BasketballTimeTest" name="setTime_FirstMinuteFirstSecondIntoOvertime"/>
  <testcase time="0" classname="basketball.stats.application.BasketballTimeTest" name="setTime_SixtyOneSecondsRemainingInFirst"/>
  <testcase time="0" classname="basketball.stats.application.BasketballTimeTest" name="setTime_SixtyOneSecondsRemainingInSecond"/>
  <testcase time="0" classname="basketball.stats.application.BasketballTimeTest" name="setTime_SixtyOneSecondsRemainingInThird"/>
  <testcase time="0" classname="basketball.stats.application.BasketballTimeTest" name="setTime_SixtyOneSecondsRemainingInFourth"/>
  <testcase time="0" classname="basketball.stats.application.BasketballTimeTest" name="setTime_SixtyOneSecondsRemainingInOvertime"/>
  <testcase time="0" classname="basketball.stats.application.BasketballTimeTest" name="setTime_LastMinuteInDoubleOvertime"/>
  <testcase time="0" classname="basketball.stats.application.BasketballTimeTest" name="setTime_FiftyNineSecondsRemainingInFirst"/>
  <testcase time="0" classname="basketball.stats.application.BasketballTimeTest" name="setTime_FiftyNineSecondsRemainingInSecond"/>
  <testcase time="0" classname="basketball.stats.application.BasketballTimeTest" name="setTime_FiftyNineSecondsRemainingInThird"/>
  <testcase time="0" classname="basketball.stats.application.BasketballTimeTest" name="setTime_FiftyNineSecondsRemainingInFourth"/>
  <testcase time="0" classname="basketball.stats.application.BasketballTimeTest" name="setTime_FiftyNineSecondsRemainingInOvertime"/>
  <testcase time="0.001" classname="basketball.stats.application.BasketballTimeTest" name="decrement_StartDoubleOvertime"/>
  <testcase time="0" classname="basketball.stats.application.BasketballTimeTest" name="decrement_FiftyNineSecondsInFirst"/>
  <testcase time="0" classname="basketball.stats.application.BasketballTimeTest" name="decrement_FiftyNineSecondsInSecond"/>
  <testcase time="0.001" classname="basketball.stats.application.BasketballTimeTest" name="decrement_FiftyNineSecondsInThird"/>
  <testcase time="0" classname="basketball.stats.application.BasketballTimeTest" name="decrement_FiftyNineSecondsInFourth"/>
  <testcase time="0" classname="basketball.stats.application.BasketballTimeTest" name="decrement_FiftyNineSecondsInOvertime"/>
  <testcase time="0" classname="basketball.stats.application.BasketballTimeTest" name="decrement_FiftyNineSecondsInDoubleOvertime"/>
  <testcase time="0.001" classname="basketball.stats.application.BasketballTimeTest" name="decrement_OneMinuteInOvertime"/>
  <testcase time="0" classname="basketball.stats.application.BasketballTimeTest" name="decrement_OneMinuteInDoubleOvertime"/>
  <testcase time="0" classname="basketball.stats.application.BasketballTimeTest" name="decrement_SixtyOneSecondsInFirst"/>
  <testcase time="0" classname="basketball.stats.application.BasketballTimeTest" name="decrement_SixtyOneSecondsInSecond"/>
  <testcase time="0.001" classname="basketball.stats.application.BasketballTimeTest" name="decrement_SixtyOneSecondsInThird"/>
  <testcase time="0" classname="basketball.stats.application.BasketballTimeTest" name="decrement_SixtyOneSecondsInFourth"/>
  <testcase time="0" classname="basketball.stats.application.BasketballTimeTest" name="decrement_SixtyOneSecondsInOvertime"/>
  <testcase time="0" classname="basketball.stats.application.BasketballTimeTest" name="decrement_SixtyOneSecondsInDoubleOvertime"/>
  <testcase time="0.001" classname="basketball.stats.application.BasketballTimeTest" name="decrement_SixtyOneSecondsLeftInFirst"/>
  <testcase time="0" classname="basketball.stats.application.BasketballTimeTest" name="decrement_SixtyOneSecondsLeftInSecond"/>
  <testcase time="0" classname="basketball.stats.application.BasketballTimeTest" name="decrement_SixtyOneSecondsLeftInThird"/>
  <testcase time="0" classname="basketball.stats.application.BasketballTimeTest" name="decrement_SixtyOneSecondsLeftInFourth"/>
  <testcase time="0.001" classname="basketball.stats.application.BasketballTimeTest" name="decrement_SixtyOneSecondsLeftInOvertime"/>
  <testcase time="0" classname="basketball.stats.application.BasketballTimeTest" name="decrement_SixtySecondsLeftInFirst"/>
  <testcase time="0" classname="basketball.stats.application.BasketballTimeTest" name="decrement_SixtySecondsLeftInSecond"/>
  <testcase time="0" classname="basketball.stats.application.BasketballTimeTest" name="decrement_SixtySecondsLeftInThird"/>
  <testcase time="0" classname="basketball.stats.application.BasketballTimeTest" name="decrement_SixtySecondsLeftInFourth"/>
  <testcase time="0" classname="basketball.stats.application.BasketballTimeTest" name="decrement_SixtySecondsLeftInOvertime"/>
  <testcase time="0" classname="basketball.stats.application.BasketballTimeTest" name="decrement_SixtySecondsLeftInDoubleOvertime"/>
  <testcase time="0" classname="basketball.stats.application.BasketballTimeTest" name="decrement_OneSecondInOvertime"/>
  <testcase time="0" classname="basketball.stats.application.BasketballTimeTest" name="decrement_OneSecondInDoubleOvertime"/>
  <testcase time="0" classname="basketball.stats.application.BasketballTimeTest" name="setTime_FirstMinuteFirstSecondIntoDoubleOvertime"/>
  <testcase time="0" classname="basketball.stats.application.BasketballTimeTest" name="setTime_SixtyOneSecondsRemainingInDoubleOvertime"/>
  <testcase time="0" classname="basketball.stats.application.BasketballTimeTest" name="setTime_FiftyNineSecondsRemainingInDoubleOvertime"/>
  <testcase time="0" classname="basketball.stats.application.BasketballTimeTest" name="decrement_SixtyOneSecondsLeftInDoubleOvertime"/>
  <testcase time="0" classname="basketball.stats.application.BasketballTimeTest" name="setTime_StartFirst"/>
  <testcase time="0" classname="basketball.stats.application.BasketballTimeTest" name="setTime_StartSecond"/>
  <testcase time="0" classname="basketball.stats.application.BasketballTimeTest" name="setTime_StartThird"/>
  <testcase time="0" classname="basketball.stats.application.BasketballTimeTest" name="setTime_StartFourth"/>
  <testcase time="0" classname="basketball.stats.application.BasketballTimeTest" name="setTime_StartOvertime"/>
  <testcase time="0" classname="basketball.stats.application.BasketballTimeTest" name="setTime_StartDoubleOvertime"/>
  <testcase time="0" classname="basketball.stats.application.BasketballTimeTest" name="setTime_FirstSecondIntoFirst"/>
  <testcase time="0" classname="basketball.stats.application.BasketballTimeTest" name="setTime_FirstSecondIntoThird"/>
  <testcase time="0.001" classname="basketball.stats.application.BasketballTimeTest" name="setTime_FirstMinuteIntoFirst"/>
  <testcase time="0" classname="basketball.stats.application.BasketballTimeTest" name="setTime_FirstMinuteIntoThird"/>
  <testcase time="0" classname="basketball.stats.application.BasketballTimeTest" name="setTime_LastMinuteInFirst"/>
  <testcase time="0" classname="basketball.stats.application.BasketballTimeTest" name="setTime_LastMinuteInSecond"/>
  <testcase time="0.001" classname="basketball.stats.application.BasketballTimeTest" name="setTime_LastMinuteInThird"/>
  <testcase time="0" classname="basketball.stats.application.BasketballTimeTest" name="setTime_LastMinuteInFourth"/>
  <testcase time="0" classname="basketball.stats.application.BasketballTimeTest" name="setTime_LastMinuteInOvertime"/>
  <testcase time="0" classname="basketball.stats.application.BasketballTimeTest" name="decrement_StartFirst"/>
  <testcase time="0" classname="basketball.stats.application.BasketballTimeTest" name="decrement_StartSecond"/>
  <testcase time="0" classname="basketball.stats.application.BasketballTimeTest" name="decrement_StartThird"/>
  <testcase time="0" classname="basketball.stats.application.BasketballTimeTest" name="decrement_StartFourth"/>
  <testcase time="0" classname="basketball.stats.application.BasketballTimeTest" name="decrement_StartOvertime"/>
  <testcase time="0" classname="basketball.stats.application.BasketballTimeTest" name="decrement_OneMinuteInFirst"/>
  <testcase time="0" classname="basketball.stats.application.BasketballTimeTest" name="decrement_OneMinuteInSecond"/>
  <testcase time="0" classname="basketball.stats.application.BasketballTimeTest" name="decrement_OneMinuteInThird"/>
  <testcase time="0" classname="basketball.stats.application.BasketballTimeTest" name="decrement_OneMinuteInFourth"/>
  <testcase time="0" classname="basketball.stats.application.BasketballTimeTest" name="decrement_OneSecondInFirst"/>
  <testcase time="0" classname="basketball.stats.application.BasketballTimeTest" name="decrement_OneSecondInSecond"/>
  <testcase time="0" classname="basketball.stats.application.BasketballTimeTest" name="decrement_OneSecondInThird"/>
  <testcase time="0" classname="basketball.stats.application.BasketballTimeTest" name="decrement_OneSecondInFourth"/>
</testsuite>